<?xml version='1.0'?>
<ns2:test-suite xmlns:ns2='urn:model.allure.qatools.yandex.ru' start='1615396000479' stop='1615396032948'>
    <name>Check sign in</name>
    <title>Check sign in</title>
    <test-cases>
        <test-case start='1615396000481' status='failed' stop='1615396032927'>
            <name>should check Yandex music</name>
            <title>should check Yandex music</title>
            <labels/>
            <parameters/>
            <steps/>
            <attachments/>
            <failure>
                <message>Error: Timeout - Async callback was not invoked within timeout specified by jasmine.DEFAULT_TIMEOUT_INTERVAL.</message>
                <stack-trace>Error: Timeout - Async callback was not invoked within timeout specified by jasmine.DEFAULT_TIMEOUT_INTERVAL.
                    at Timeout._onTimeout (C:\Users\User\AppData\Roaming\npm\node_modules\protractor\node_modules\jasmine-core\lib\jasmine-core\jasmine.js:4281:23)
                    at listOnTimeout (internal/timers.js:554:17)
                    at processTimers (internal/timers.js:497:7)</stack-trace>
            </failure>
        </test-case>
        <test-case start='1615396032931' status='pending' stop='1615396032935'>
            <name>should compare two phones</name>
            <title>should compare two phones</title>
            <labels/>
            <parameters/>
            <steps/>
            <attachments/>
            <failure>
                <message>This test was ignored</message>
                <stack-trace></stack-trace>
            </failure>
        </test-case>
        <test-case start='1615396032937' status='pending' stop='1615396032939'>
            <name>should delete items from the comparison list</name>
            <title>should delete items from the comparison list</title>
            <labels/>
            <parameters/>
            <steps/>
            <attachments/>
            <failure>
                <message>This test was ignored</message>
                <stack-trace></stack-trace>
            </failure>
        </test-case>
        <test-case start='1615396032939' status='pending' stop='1615396032941'>
            <name>should sort cameras by price</name>
            <title>should sort cameras by price</title>
            <labels/>
            <parameters/>
            <steps/>
            <attachments/>
            <failure>
                <message>This test was ignored</message>
                <stack-trace></stack-trace>
            </failure>
        </test-case>
        <test-case start='1615396032941' status='pending' stop='1615396032942'>
            <name>should sort by tag</name>
            <title>should sort by tag</title>
            <labels/>
            <parameters/>
            <steps/>
            <attachments/>
            <failure>
                <message>This test was ignored</message>
                <stack-trace></stack-trace>
            </failure>
        </test-case>
    </test-cases>
</ns2:test-suite>